2025-08-08T11:57:37.200+05:30  INFO 636 --- [QuizApplication_monorepo] [restartedMain] c.s.e.QuizApplicationMonorepoApplication : Starting QuizApplicationMonorepoApplication using Java 21.0.7 with PID 636 (C:\Users\india\Documents\workspace-spring-tools-for-eclipse-4.31.0.RELEASE\Wipro-QuizApplication-Monorepo-main\target\classes started by india in C:\Users\india\Documents\workspace-spring-tools-for-eclipse-4.31.0.RELEASE\Wipro-QuizApplication-Monorepo-main)
2025-08-08T11:57:37.407+05:30  INFO 636 --- [QuizApplication_monorepo] [restartedMain] c.s.e.QuizApplicationMonorepoApplication : No active profile set, falling back to 1 default profile: "default"
2025-08-08T11:57:38.013+05:30  INFO 636 --- [QuizApplication_monorepo] [restartedMain] .e.DevToolsPropertyDefaultsPostProcessor : Devtools property defaults active! Set 'spring.devtools.add-properties' to 'false' to disable
2025-08-08T11:57:38.014+05:30  INFO 636 --- [QuizApplication_monorepo] [restartedMain] .e.DevToolsPropertyDefaultsPostProcessor : For additional web related logging consider setting the 'logging.level.web' property to 'DEBUG'
2025-08-08T11:57:43.564+05:30  INFO 636 --- [QuizApplication_monorepo] [restartedMain] .s.d.r.c.RepositoryConfigurationDelegate : Bootstrapping Spring Data JPA repositories in DEFAULT mode.
2025-08-08T11:57:43.868+05:30  INFO 636 --- [QuizApplication_monorepo] [restartedMain] .s.d.r.c.RepositoryConfigurationDelegate : Finished Spring Data repository scanning in 270 ms. Found 2 JPA repository interfaces.
2025-08-08T11:57:46.536+05:30  INFO 636 --- [QuizApplication_monorepo] [restartedMain] o.s.b.w.embedded.tomcat.TomcatWebServer  : Tomcat initialized with port 8080 (http)
2025-08-08T11:57:46.667+05:30  INFO 636 --- [QuizApplication_monorepo] [restartedMain] o.apache.catalina.core.StandardService   : Starting service [Tomcat]
2025-08-08T11:57:46.669+05:30  INFO 636 --- [QuizApplication_monorepo] [restartedMain] o.apache.catalina.core.StandardEngine    : Starting Servlet engine: [Apache Tomcat/10.1.30]
2025-08-08T11:57:46.843+05:30  INFO 636 --- [QuizApplication_monorepo] [restartedMain] o.a.c.c.C.[Tomcat].[localhost].[/]       : Initializing Spring embedded WebApplicationContext
2025-08-08T11:57:46.850+05:30  INFO 636 --- [QuizApplication_monorepo] [restartedMain] w.s.c.ServletWebServerApplicationContext : Root WebApplicationContext: initialization completed in 8835 ms
2025-08-08T11:57:48.254+05:30  INFO 636 --- [QuizApplication_monorepo] [restartedMain] o.hibernate.jpa.internal.util.LogHelper  : HHH000204: Processing PersistenceUnitInfo [name: default]
2025-08-08T11:57:48.784+05:30  INFO 636 --- [QuizApplication_monorepo] [restartedMain] org.hibernate.Version                    : HHH000412: Hibernate ORM core version 6.5.3.Final
2025-08-08T11:57:48.995+05:30  INFO 636 --- [QuizApplication_monorepo] [restartedMain] o.h.c.internal.RegionFactoryInitiator    : HHH000026: Second-level cache disabled
2025-08-08T11:57:50.859+05:30  INFO 636 --- [QuizApplication_monorepo] [restartedMain] o.s.o.j.p.SpringPersistenceUnitInfo      : No LoadTimeWeaver setup: ignoring JPA class transformer
2025-08-08T11:57:50.986+05:30  INFO 636 --- [QuizApplication_monorepo] [restartedMain] com.zaxxer.hikari.HikariDataSource       : HikariPool-1 - Starting...
2025-08-08T11:57:52.294+05:30  INFO 636 --- [QuizApplication_monorepo] [restartedMain] com.zaxxer.hikari.pool.HikariPool        : HikariPool-1 - Added connection com.mysql.cj.jdbc.ConnectionImpl@45d05519
2025-08-08T11:57:52.300+05:30  INFO 636 --- [QuizApplication_monorepo] [restartedMain] com.zaxxer.hikari.HikariDataSource       : HikariPool-1 - Start completed.
2025-08-08T11:57:52.623+05:30  WARN 636 --- [QuizApplication_monorepo] [restartedMain] org.hibernate.orm.deprecation            : HHH90000025: MySQLDialect does not need to be specified explicitly using 'hibernate.dialect' (remove the property setting and it will be selected by default)
2025-08-08T11:57:55.121+05:30  INFO 636 --- [QuizApplication_monorepo] [restartedMain] o.h.e.t.j.p.i.JtaPlatformInitiator       : HHH000489: No JTA platform available (set 'hibernate.transaction.jta.platform' to enable JTA platform integration)
2025-08-08T11:57:55.508+05:30  INFO 636 --- [QuizApplication_monorepo] [restartedMain] j.LocalContainerEntityManagerFactoryBean : Initialized JPA EntityManagerFactory for persistence unit 'default'
2025-08-08T11:57:56.316+05:30  INFO 636 --- [QuizApplication_monorepo] [restartedMain] o.s.d.j.r.query.QueryEnhancerFactory     : Hibernate is in classpath; If applicable, HQL parser will be used.
2025-08-08T11:57:56.493+05:30  WARN 636 --- [QuizApplication_monorepo] [restartedMain] JpaBaseConfiguration$JpaWebConfiguration : spring.jpa.open-in-view is enabled by default. Therefore, database queries may be performed during view rendering. Explicitly configure spring.jpa.open-in-view to disable this warning
2025-08-08T11:57:57.496+05:30  INFO 636 --- [QuizApplication_monorepo] [restartedMain] o.s.b.d.a.OptionalLiveReloadServer       : LiveReload server is running on port 35729
2025-08-08T11:57:57.629+05:30  INFO 636 --- [QuizApplication_monorepo] [restartedMain] o.s.b.w.embedded.tomcat.TomcatWebServer  : Tomcat started on port 8080 (http) with context path '/'
2025-08-08T11:57:57.655+05:30  INFO 636 --- [QuizApplication_monorepo] [restartedMain] c.s.e.QuizApplicationMonorepoApplication : Started QuizApplicationMonorepoApplication in 23.097 seconds (process running for 30.048)
2025-08-08T11:58:31.678+05:30  INFO 636 --- [QuizApplication_monorepo] [http-nio-8080-exec-1] o.a.c.c.C.[Tomcat].[localhost].[/]       : Initializing Spring DispatcherServlet 'dispatcherServlet'
2025-08-08T11:58:31.678+05:30  INFO 636 --- [QuizApplication_monorepo] [http-nio-8080-exec-1] o.s.web.servlet.DispatcherServlet        : Initializing Servlet 'dispatcherServlet'
2025-08-08T11:58:31.683+05:30  INFO 636 --- [QuizApplication_monorepo] [http-nio-8080-exec-1] o.s.web.servlet.DispatcherServlet        : Completed initialization in 4 ms
2025-08-08T11:58:32.132+05:30  WARN 636 --- [QuizApplication_monorepo] [http-nio-8080-exec-1] .w.s.m.s.DefaultHandlerExceptionResolver : Resolved [org.springframework.web.bind.MissingServletRequestParameterException: Required request parameter 'category' for method parameter type String is not present]
2025-08-08T12:25:56.008+05:30  INFO 636 --- [QuizApplication_monorepo] [RMI TCP Connection(32)-127.0.0.1] inMXBeanRegistrar$SpringApplicationAdmin : Application shutdown requested.
2025-08-08T12:25:56.191+05:30  INFO 636 --- [QuizApplication_monorepo] [RMI TCP Connection(32)-127.0.0.1] j.LocalContainerEntityManagerFactoryBean : Closing JPA EntityManagerFactory for persistence unit 'default'
2025-08-08T12:25:56.195+05:30  INFO 636 --- [QuizApplication_monorepo] [RMI TCP Connection(32)-127.0.0.1] com.zaxxer.hikari.HikariDataSource       : HikariPool-1 - Shutdown initiated...
2025-08-08T12:25:56.241+05:30  INFO 636 --- [QuizApplication_monorepo] [RMI TCP Connection(32)-127.0.0.1] com.zaxxer.hikari.HikariDataSource       : HikariPool-1 - Shutdown completed.
2025-08-08T13:38:46.082+05:30  INFO 10672 --- [QuizApplication_monorepo] [restartedMain] c.s.e.QuizApplicationMonorepoApplication : Starting QuizApplicationMonorepoApplication using Java 21.0.7 with PID 10672 (C:\Users\india\Documents\workspace-spring-tools-for-eclipse-4.31.0.RELEASE\Wipro-QuizApplication-Monorepo-main\target\classes started by india in C:\Users\india\Documents\workspace-spring-tools-for-eclipse-4.31.0.RELEASE\Wipro-QuizApplication-Monorepo-main)
2025-08-08T13:38:46.096+05:30  INFO 10672 --- [QuizApplication_monorepo] [restartedMain] c.s.e.QuizApplicationMonorepoApplication : No active profile set, falling back to 1 default profile: "default"
2025-08-08T13:38:46.361+05:30  INFO 10672 --- [QuizApplication_monorepo] [restartedMain] .e.DevToolsPropertyDefaultsPostProcessor : Devtools property defaults active! Set 'spring.devtools.add-properties' to 'false' to disable
2025-08-08T13:38:46.361+05:30  INFO 10672 --- [QuizApplication_monorepo] [restartedMain] .e.DevToolsPropertyDefaultsPostProcessor : For additional web related logging consider setting the 'logging.level.web' property to 'DEBUG'
2025-08-08T13:38:48.791+05:30  INFO 10672 --- [QuizApplication_monorepo] [restartedMain] .s.d.r.c.RepositoryConfigurationDelegate : Bootstrapping Spring Data JPA repositories in DEFAULT mode.
2025-08-08T13:38:48.985+05:30  INFO 10672 --- [QuizApplication_monorepo] [restartedMain] .s.d.r.c.RepositoryConfigurationDelegate : Finished Spring Data repository scanning in 179 ms. Found 2 JPA repository interfaces.
2025-08-08T13:38:50.836+05:30  INFO 10672 --- [QuizApplication_monorepo] [restartedMain] o.s.b.w.embedded.tomcat.TomcatWebServer  : Tomcat initialized with port 8080 (http)
2025-08-08T13:38:50.881+05:30  INFO 10672 --- [QuizApplication_monorepo] [restartedMain] o.apache.catalina.core.StandardService   : Starting service [Tomcat]
2025-08-08T13:38:50.885+05:30  INFO 10672 --- [QuizApplication_monorepo] [restartedMain] o.apache.catalina.core.StandardEngine    : Starting Servlet engine: [Apache Tomcat/10.1.30]
2025-08-08T13:38:51.000+05:30  INFO 10672 --- [QuizApplication_monorepo] [restartedMain] o.a.c.c.C.[Tomcat].[localhost].[/]       : Initializing Spring embedded WebApplicationContext
2025-08-08T13:38:51.000+05:30  INFO 10672 --- [QuizApplication_monorepo] [restartedMain] w.s.c.ServletWebServerApplicationContext : Root WebApplicationContext: initialization completed in 4638 ms
2025-08-08T13:38:51.691+05:30  INFO 10672 --- [QuizApplication_monorepo] [restartedMain] o.hibernate.jpa.internal.util.LogHelper  : HHH000204: Processing PersistenceUnitInfo [name: default]
2025-08-08T13:38:52.064+05:30  INFO 10672 --- [QuizApplication_monorepo] [restartedMain] org.hibernate.Version                    : HHH000412: Hibernate ORM core version 6.5.3.Final
2025-08-08T13:38:52.239+05:30  INFO 10672 --- [QuizApplication_monorepo] [restartedMain] o.h.c.internal.RegionFactoryInitiator    : HHH000026: Second-level cache disabled
2025-08-08T13:38:53.085+05:30  INFO 10672 --- [QuizApplication_monorepo] [restartedMain] o.s.o.j.p.SpringPersistenceUnitInfo      : No LoadTimeWeaver setup: ignoring JPA class transformer
2025-08-08T13:38:53.253+05:30  INFO 10672 --- [QuizApplication_monorepo] [restartedMain] com.zaxxer.hikari.HikariDataSource       : HikariPool-1 - Starting...
2025-08-08T13:38:53.906+05:30  INFO 10672 --- [QuizApplication_monorepo] [restartedMain] com.zaxxer.hikari.pool.HikariPool        : HikariPool-1 - Added connection com.mysql.cj.jdbc.ConnectionImpl@520194d9
2025-08-08T13:38:53.911+05:30  INFO 10672 --- [QuizApplication_monorepo] [restartedMain] com.zaxxer.hikari.HikariDataSource       : HikariPool-1 - Start completed.
2025-08-08T13:38:54.086+05:30  WARN 10672 --- [QuizApplication_monorepo] [restartedMain] org.hibernate.orm.deprecation            : HHH90000025: MySQLDialect does not need to be specified explicitly using 'hibernate.dialect' (remove the property setting and it will be selected by default)
2025-08-08T13:38:56.052+05:30  INFO 10672 --- [QuizApplication_monorepo] [restartedMain] o.h.e.t.j.p.i.JtaPlatformInitiator       : HHH000489: No JTA platform available (set 'hibernate.transaction.jta.platform' to enable JTA platform integration)
2025-08-08T13:38:56.255+05:30  INFO 10672 --- [QuizApplication_monorepo] [restartedMain] j.LocalContainerEntityManagerFactoryBean : Initialized JPA EntityManagerFactory for persistence unit 'default'
2025-08-08T13:38:57.256+05:30  INFO 10672 --- [QuizApplication_monorepo] [restartedMain] o.s.d.j.r.query.QueryEnhancerFactory     : Hibernate is in classpath; If applicable, HQL parser will be used.
2025-08-08T13:38:57.586+05:30  WARN 10672 --- [QuizApplication_monorepo] [restartedMain] JpaBaseConfiguration$JpaWebConfiguration : spring.jpa.open-in-view is enabled by default. Therefore, database queries may be performed during view rendering. Explicitly configure spring.jpa.open-in-view to disable this warning
2025-08-08T13:38:58.843+05:30  INFO 10672 --- [QuizApplication_monorepo] [restartedMain] o.s.b.d.a.OptionalLiveReloadServer       : LiveReload server is running on port 35729
2025-08-08T13:38:58.916+05:30  INFO 10672 --- [QuizApplication_monorepo] [restartedMain] o.s.b.w.embedded.tomcat.TomcatWebServer  : Tomcat started on port 8080 (http) with context path '/'
2025-08-08T13:38:58.931+05:30  INFO 10672 --- [QuizApplication_monorepo] [restartedMain] c.s.e.QuizApplicationMonorepoApplication : Started QuizApplicationMonorepoApplication in 14.288 seconds (process running for 17.077)
2025-08-08T13:41:06.683+05:30  INFO 10672 --- [QuizApplication_monorepo] [http-nio-8080-exec-2] o.a.c.c.C.[Tomcat].[localhost].[/]       : Initializing Spring DispatcherServlet 'dispatcherServlet'
2025-08-08T13:41:06.683+05:30  INFO 10672 --- [QuizApplication_monorepo] [http-nio-8080-exec-2] o.s.web.servlet.DispatcherServlet        : Initializing Servlet 'dispatcherServlet'
2025-08-08T13:41:06.686+05:30  INFO 10672 --- [QuizApplication_monorepo] [http-nio-8080-exec-2] o.s.web.servlet.DispatcherServlet        : Completed initialization in 1 ms
2025-08-08T13:41:07.048+05:30  WARN 10672 --- [QuizApplication_monorepo] [http-nio-8080-exec-2] .w.s.m.s.DefaultHandlerExceptionResolver : Resolved [org.springframework.web.bind.MissingServletRequestParameterException: Required request parameter 'level' for method parameter type String is not present]
2025-08-08T13:42:48.216+05:30  INFO 10672 --- [QuizApplication_monorepo] [File Watcher] rtingClassPathChangeChangedEventListener : Restarting due to 1 class path change (0 additions, 0 deletions, 1 modification)
2025-08-08T13:42:48.314+05:30  INFO 10672 --- [QuizApplication_monorepo] [Thread-5] j.LocalContainerEntityManagerFactoryBean : Closing JPA EntityManagerFactory for persistence unit 'default'
2025-08-08T13:42:48.329+05:30  INFO 10672 --- [QuizApplication_monorepo] [Thread-5] com.zaxxer.hikari.HikariDataSource       : HikariPool-1 - Shutdown initiated...
2025-08-08T13:42:48.389+05:30  INFO 10672 --- [QuizApplication_monorepo] [Thread-5] com.zaxxer.hikari.HikariDataSource       : HikariPool-1 - Shutdown completed.
2025-08-08T13:42:49.575+05:30  INFO 10672 --- [QuizApplication_monorepo] [restartedMain] c.s.e.QuizApplicationMonorepoApplication : Starting QuizApplicationMonorepoApplication using Java 21.0.7 with PID 10672 (C:\Users\india\Documents\workspace-spring-tools-for-eclipse-4.31.0.RELEASE\Wipro-QuizApplication-Monorepo-main\target\classes started by india in C:\Users\india\Documents\workspace-spring-tools-for-eclipse-4.31.0.RELEASE\Wipro-QuizApplication-Monorepo-main)
2025-08-08T13:42:49.577+05:30  INFO 10672 --- [QuizApplication_monorepo] [restartedMain] c.s.e.QuizApplicationMonorepoApplication : No active profile set, falling back to 1 default profile: "default"
2025-08-08T13:42:50.802+05:30  INFO 10672 --- [QuizApplication_monorepo] [restartedMain] .s.d.r.c.RepositoryConfigurationDelegate : Bootstrapping Spring Data JPA repositories in DEFAULT mode.
2025-08-08T13:42:50.839+05:30  INFO 10672 --- [QuizApplication_monorepo] [restartedMain] .s.d.r.c.RepositoryConfigurationDelegate : Finished Spring Data repository scanning in 36 ms. Found 2 JPA repository interfaces.
2025-08-08T13:42:51.857+05:30  INFO 10672 --- [QuizApplication_monorepo] [restartedMain] o.s.b.w.embedded.tomcat.TomcatWebServer  : Tomcat initialized with port 8080 (http)
2025-08-08T13:42:52.612+05:30  INFO 10672 --- [QuizApplication_monorepo] [restartedMain] o.apache.catalina.core.StandardService   : Starting service [Tomcat]
2025-08-08T13:42:52.612+05:30  INFO 10672 --- [QuizApplication_monorepo] [restartedMain] o.apache.catalina.core.StandardEngine    : Starting Servlet engine: [Apache Tomcat/10.1.30]
2025-08-08T13:42:52.929+05:30  INFO 10672 --- [QuizApplication_monorepo] [restartedMain] o.a.c.c.C.[Tomcat].[localhost].[/]       : Initializing Spring embedded WebApplicationContext
2025-08-08T13:42:52.930+05:30  INFO 10672 --- [QuizApplication_monorepo] [restartedMain] w.s.c.ServletWebServerApplicationContext : Root WebApplicationContext: initialization completed in 3348 ms
2025-08-08T13:42:53.890+05:30  INFO 10672 --- [QuizApplication_monorepo] [restartedMain] o.hibernate.jpa.internal.util.LogHelper  : HHH000204: Processing PersistenceUnitInfo [name: default]
2025-08-08T13:42:53.899+05:30  INFO 10672 --- [QuizApplication_monorepo] [restartedMain] o.h.c.internal.RegionFactoryInitiator    : HHH000026: Second-level cache disabled
2025-08-08T13:42:53.935+05:30  INFO 10672 --- [QuizApplication_monorepo] [restartedMain] o.s.o.j.p.SpringPersistenceUnitInfo      : No LoadTimeWeaver setup: ignoring JPA class transformer
2025-08-08T13:42:53.937+05:30  INFO 10672 --- [QuizApplication_monorepo] [restartedMain] com.zaxxer.hikari.HikariDataSource       : HikariPool-2 - Starting...
2025-08-08T13:42:53.990+05:30  INFO 10672 --- [QuizApplication_monorepo] [restartedMain] com.zaxxer.hikari.pool.HikariPool        : HikariPool-2 - Added connection com.mysql.cj.jdbc.ConnectionImpl@2877d60e
2025-08-08T13:42:53.990+05:30  INFO 10672 --- [QuizApplication_monorepo] [restartedMain] com.zaxxer.hikari.HikariDataSource       : HikariPool-2 - Start completed.
2025-08-08T13:42:53.994+05:30  WARN 10672 --- [QuizApplication_monorepo] [restartedMain] org.hibernate.orm.deprecation            : HHH90000025: MySQLDialect does not need to be specified explicitly using 'hibernate.dialect' (remove the property setting and it will be selected by default)
2025-08-08T13:42:54.153+05:30  INFO 10672 --- [QuizApplication_monorepo] [restartedMain] o.h.e.t.j.p.i.JtaPlatformInitiator       : HHH000489: No JTA platform available (set 'hibernate.transaction.jta.platform' to enable JTA platform integration)
2025-08-08T13:42:54.410+05:30  INFO 10672 --- [QuizApplication_monorepo] [restartedMain] j.LocalContainerEntityManagerFactoryBean : Initialized JPA EntityManagerFactory for persistence unit 'default'
2025-08-08T13:42:54.792+05:30  WARN 10672 --- [QuizApplication_monorepo] [restartedMain] JpaBaseConfiguration$JpaWebConfiguration : spring.jpa.open-in-view is enabled by default. Therefore, database queries may be performed during view rendering. Explicitly configure spring.jpa.open-in-view to disable this warning
2025-08-08T13:42:54.997+05:30  INFO 10672 --- [QuizApplication_monorepo] [restartedMain] o.s.b.d.a.OptionalLiveReloadServer       : LiveReload server is running on port 35729
2025-08-08T13:42:55.021+05:30  INFO 10672 --- [QuizApplication_monorepo] [restartedMain] o.s.b.w.embedded.tomcat.TomcatWebServer  : Tomcat started on port 8080 (http) with context path '/'
2025-08-08T13:42:55.027+05:30  INFO 10672 --- [QuizApplication_monorepo] [restartedMain] c.s.e.QuizApplicationMonorepoApplication : Started QuizApplicationMonorepoApplication in 6.29 seconds (process running for 253.173)
2025-08-08T13:42:55.032+05:30  INFO 10672 --- [QuizApplication_monorepo] [restartedMain] .ConditionEvaluationDeltaLoggingListener : Condition evaluation unchanged
2025-08-08T13:42:56.515+05:30  INFO 10672 --- [QuizApplication_monorepo] [File Watcher] rtingClassPathChangeChangedEventListener : Restarting due to 21 class path changes (0 additions, 0 deletions, 21 modifications)
2025-08-08T13:42:56.547+05:30  INFO 10672 --- [QuizApplication_monorepo] [Thread-7] j.LocalContainerEntityManagerFactoryBean : Closing JPA EntityManagerFactory for persistence unit 'default'
2025-08-08T13:42:56.550+05:30  INFO 10672 --- [QuizApplication_monorepo] [Thread-7] com.zaxxer.hikari.HikariDataSource       : HikariPool-2 - Shutdown initiated...
2025-08-08T13:42:56.565+05:30  INFO 10672 --- [QuizApplication_monorepo] [Thread-7] com.zaxxer.hikari.HikariDataSource       : HikariPool-2 - Shutdown completed.
2025-08-08T13:42:56.674+05:30  INFO 10672 --- [QuizApplication_monorepo] [restartedMain] c.s.e.QuizApplicationMonorepoApplication : Starting QuizApplicationMonorepoApplication using Java 21.0.7 with PID 10672 (C:\Users\india\Documents\workspace-spring-tools-for-eclipse-4.31.0.RELEASE\Wipro-QuizApplication-Monorepo-main\target\classes started by india in C:\Users\india\Documents\workspace-spring-tools-for-eclipse-4.31.0.RELEASE\Wipro-QuizApplication-Monorepo-main)
2025-08-08T13:42:56.675+05:30  INFO 10672 --- [QuizApplication_monorepo] [restartedMain] c.s.e.QuizApplicationMonorepoApplication : No active profile set, falling back to 1 default profile: "default"
2025-08-08T13:42:56.994+05:30  INFO 10672 --- [QuizApplication_monorepo] [restartedMain] .s.d.r.c.RepositoryConfigurationDelegate : Bootstrapping Spring Data JPA repositories in DEFAULT mode.
2025-08-08T13:42:57.013+05:30  INFO 10672 --- [QuizApplication_monorepo] [restartedMain] .s.d.r.c.RepositoryConfigurationDelegate : Finished Spring Data repository scanning in 18 ms. Found 2 JPA repository interfaces.
2025-08-08T13:42:57.184+05:30  INFO 10672 --- [QuizApplication_monorepo] [restartedMain] o.s.b.w.embedded.tomcat.TomcatWebServer  : Tomcat initialized with port 8080 (http)
2025-08-08T13:42:57.185+05:30  INFO 10672 --- [QuizApplication_monorepo] [restartedMain] o.apache.catalina.core.StandardService   : Starting service [Tomcat]
2025-08-08T13:42:57.186+05:30  INFO 10672 --- [QuizApplication_monorepo] [restartedMain] o.apache.catalina.core.StandardEngine    : Starting Servlet engine: [Apache Tomcat/10.1.30]
2025-08-08T13:42:57.270+05:30  INFO 10672 --- [QuizApplication_monorepo] [restartedMain] o.a.c.c.C.[Tomcat].[localhost].[/]       : Initializing Spring embedded WebApplicationContext
2025-08-08T13:42:57.271+05:30  INFO 10672 --- [QuizApplication_monorepo] [restartedMain] w.s.c.ServletWebServerApplicationContext : Root WebApplicationContext: initialization completed in 592 ms
2025-08-08T13:42:57.364+05:30  INFO 10672 --- [QuizApplication_monorepo] [restartedMain] o.hibernate.jpa.internal.util.LogHelper  : HHH000204: Processing PersistenceUnitInfo [name: default]
2025-08-08T13:42:57.373+05:30  INFO 10672 --- [QuizApplication_monorepo] [restartedMain] o.h.c.internal.RegionFactoryInitiator    : HHH000026: Second-level cache disabled
2025-08-08T13:42:57.391+05:30  INFO 10672 --- [QuizApplication_monorepo] [restartedMain] o.s.o.j.p.SpringPersistenceUnitInfo      : No LoadTimeWeaver setup: ignoring JPA class transformer
2025-08-08T13:42:57.397+05:30  INFO 10672 --- [QuizApplication_monorepo] [restartedMain] com.zaxxer.hikari.HikariDataSource       : HikariPool-3 - Starting...
2025-08-08T13:42:57.428+05:30  INFO 10672 --- [QuizApplication_monorepo] [restartedMain] com.zaxxer.hikari.pool.HikariPool        : HikariPool-3 - Added connection com.mysql.cj.jdbc.ConnectionImpl@7727ea57
2025-08-08T13:42:57.428+05:30  INFO 10672 --- [QuizApplication_monorepo] [restartedMain] com.zaxxer.hikari.HikariDataSource       : HikariPool-3 - Start completed.
2025-08-08T13:42:57.432+05:30  WARN 10672 --- [QuizApplication_monorepo] [restartedMain] org.hibernate.orm.deprecation            : HHH90000025: MySQLDialect does not need to be specified explicitly using 'hibernate.dialect' (remove the property setting and it will be selected by default)
2025-08-08T13:42:57.620+05:30  INFO 10672 --- [QuizApplication_monorepo] [restartedMain] o.h.e.t.j.p.i.JtaPlatformInitiator       : HHH000489: No JTA platform available (set 'hibernate.transaction.jta.platform' to enable JTA platform integration)
2025-08-08T13:42:57.764+05:30  INFO 10672 --- [QuizApplication_monorepo] [restartedMain] j.LocalContainerEntityManagerFactoryBean : Initialized JPA EntityManagerFactory for persistence unit 'default'
2025-08-08T13:42:57.972+05:30  WARN 10672 --- [QuizApplication_monorepo] [restartedMain] JpaBaseConfiguration$JpaWebConfiguration : spring.jpa.open-in-view is enabled by default. Therefore, database queries may be performed during view rendering. Explicitly configure spring.jpa.open-in-view to disable this warning
2025-08-08T13:42:58.235+05:30  INFO 10672 --- [QuizApplication_monorepo] [restartedMain] o.s.b.d.a.OptionalLiveReloadServer       : LiveReload server is running on port 35729
2025-08-08T13:42:58.256+05:30  INFO 10672 --- [QuizApplication_monorepo] [restartedMain] o.s.b.w.embedded.tomcat.TomcatWebServer  : Tomcat started on port 8080 (http) with context path '/'
2025-08-08T13:42:58.261+05:30  INFO 10672 --- [QuizApplication_monorepo] [restartedMain] c.s.e.QuizApplicationMonorepoApplication : Started QuizApplicationMonorepoApplication in 1.629 seconds (process running for 256.407)
2025-08-08T13:42:58.265+05:30  INFO 10672 --- [QuizApplication_monorepo] [restartedMain] .ConditionEvaluationDeltaLoggingListener : Condition evaluation unchanged
2025-08-08T13:43:08.323+05:30  INFO 10672 --- [QuizApplication_monorepo] [File Watcher] rtingClassPathChangeChangedEventListener : Restarting due to 1 class path change (0 additions, 0 deletions, 1 modification)
2025-08-08T13:43:08.333+05:30  INFO 10672 --- [QuizApplication_monorepo] [Thread-11] j.LocalContainerEntityManagerFactoryBean : Closing JPA EntityManagerFactory for persistence unit 'default'
2025-08-08T13:43:08.334+05:30  INFO 10672 --- [QuizApplication_monorepo] [Thread-11] com.zaxxer.hikari.HikariDataSource       : HikariPool-3 - Shutdown initiated...
2025-08-08T13:43:08.342+05:30  INFO 10672 --- [QuizApplication_monorepo] [Thread-11] com.zaxxer.hikari.HikariDataSource       : HikariPool-3 - Shutdown completed.
2025-08-08T13:43:08.455+05:30  INFO 10672 --- [QuizApplication_monorepo] [restartedMain] c.s.e.QuizApplicationMonorepoApplication : Starting QuizApplicationMonorepoApplication using Java 21.0.7 with PID 10672 (C:\Users\india\Documents\workspace-spring-tools-for-eclipse-4.31.0.RELEASE\Wipro-QuizApplication-Monorepo-main\target\classes started by india in C:\Users\india\Documents\workspace-spring-tools-for-eclipse-4.31.0.RELEASE\Wipro-QuizApplication-Monorepo-main)
2025-08-08T13:43:08.456+05:30  INFO 10672 --- [QuizApplication_monorepo] [restartedMain] c.s.e.QuizApplicationMonorepoApplication : No active profile set, falling back to 1 default profile: "default"
2025-08-08T13:43:08.793+05:30  INFO 10672 --- [QuizApplication_monorepo] [restartedMain] .s.d.r.c.RepositoryConfigurationDelegate : Bootstrapping Spring Data JPA repositories in DEFAULT mode.
2025-08-08T13:43:08.813+05:30  INFO 10672 --- [QuizApplication_monorepo] [restartedMain] .s.d.r.c.RepositoryConfigurationDelegate : Finished Spring Data repository scanning in 19 ms. Found 2 JPA repository interfaces.
2025-08-08T13:43:08.939+05:30  INFO 10672 --- [QuizApplication_monorepo] [restartedMain] o.s.b.w.embedded.tomcat.TomcatWebServer  : Tomcat initialized with port 8080 (http)
2025-08-08T13:43:08.944+05:30  INFO 10672 --- [QuizApplication_monorepo] [restartedMain] o.apache.catalina.core.StandardService   : Starting service [Tomcat]
2025-08-08T13:43:08.945+05:30  INFO 10672 --- [QuizApplication_monorepo] [restartedMain] o.apache.catalina.core.StandardEngine    : Starting Servlet engine: [Apache Tomcat/10.1.30]
2025-08-08T13:43:08.992+05:30  INFO 10672 --- [QuizApplication_monorepo] [restartedMain] o.a.c.c.C.[Tomcat].[localhost].[/]       : Initializing Spring embedded WebApplicationContext
2025-08-08T13:43:08.993+05:30  INFO 10672 --- [QuizApplication_monorepo] [restartedMain] w.s.c.ServletWebServerApplicationContext : Root WebApplicationContext: initialization completed in 532 ms
2025-08-08T13:43:09.056+05:30  INFO 10672 --- [QuizApplication_monorepo] [restartedMain] o.hibernate.jpa.internal.util.LogHelper  : HHH000204: Processing PersistenceUnitInfo [name: default]
2025-08-08T13:43:09.061+05:30  INFO 10672 --- [QuizApplication_monorepo] [restartedMain] o.h.c.internal.RegionFactoryInitiator    : HHH000026: Second-level cache disabled
2025-08-08T13:43:09.073+05:30  INFO 10672 --- [QuizApplication_monorepo] [restartedMain] o.s.o.j.p.SpringPersistenceUnitInfo      : No LoadTimeWeaver setup: ignoring JPA class transformer
2025-08-08T13:43:09.076+05:30  INFO 10672 --- [QuizApplication_monorepo] [restartedMain] com.zaxxer.hikari.HikariDataSource       : HikariPool-4 - Starting...
2025-08-08T13:43:09.098+05:30  INFO 10672 --- [QuizApplication_monorepo] [restartedMain] com.zaxxer.hikari.pool.HikariPool        : HikariPool-4 - Added connection com.mysql.cj.jdbc.ConnectionImpl@7e8b50b8
2025-08-08T13:43:09.098+05:30  INFO 10672 --- [QuizApplication_monorepo] [restartedMain] com.zaxxer.hikari.HikariDataSource       : HikariPool-4 - Start completed.
2025-08-08T13:43:09.101+05:30  WARN 10672 --- [QuizApplication_monorepo] [restartedMain] org.hibernate.orm.deprecation            : HHH90000025: MySQLDialect does not need to be specified explicitly using 'hibernate.dialect' (remove the property setting and it will be selected by default)
2025-08-08T13:43:09.179+05:30  INFO 10672 --- [QuizApplication_monorepo] [restartedMain] o.h.e.t.j.p.i.JtaPlatformInitiator       : HHH000489: No JTA platform available (set 'hibernate.transaction.jta.platform' to enable JTA platform integration)
2025-08-08T13:43:09.234+05:30  INFO 10672 --- [QuizApplication_monorepo] [restartedMain] j.LocalContainerEntityManagerFactoryBean : Initialized JPA EntityManagerFactory for persistence unit 'default'
2025-08-08T13:43:09.370+05:30  WARN 10672 --- [QuizApplication_monorepo] [restartedMain] JpaBaseConfiguration$JpaWebConfiguration : spring.jpa.open-in-view is enabled by default. Therefore, database queries may be performed during view rendering. Explicitly configure spring.jpa.open-in-view to disable this warning
2025-08-08T13:43:09.514+05:30  INFO 10672 --- [QuizApplication_monorepo] [restartedMain] o.s.b.d.a.OptionalLiveReloadServer       : LiveReload server is running on port 35729
2025-08-08T13:43:09.533+05:30  INFO 10672 --- [QuizApplication_monorepo] [restartedMain] o.s.b.w.embedded.tomcat.TomcatWebServer  : Tomcat started on port 8080 (http) with context path '/'
2025-08-08T13:43:09.538+05:30  INFO 10672 --- [QuizApplication_monorepo] [restartedMain] c.s.e.QuizApplicationMonorepoApplication : Started QuizApplicationMonorepoApplication in 1.132 seconds (process running for 267.684)
2025-08-08T13:43:09.539+05:30  INFO 10672 --- [QuizApplication_monorepo] [restartedMain] .ConditionEvaluationDeltaLoggingListener : Condition evaluation unchanged
2025-08-08T13:43:16.462+05:30  INFO 10672 --- [QuizApplication_monorepo] [File Watcher] rtingClassPathChangeChangedEventListener : Restarting due to 1 class path change (0 additions, 0 deletions, 1 modification)
2025-08-08T13:43:16.470+05:30  INFO 10672 --- [QuizApplication_monorepo] [Thread-15] j.LocalContainerEntityManagerFactoryBean : Closing JPA EntityManagerFactory for persistence unit 'default'
2025-08-08T13:43:16.471+05:30  INFO 10672 --- [QuizApplication_monorepo] [Thread-15] com.zaxxer.hikari.HikariDataSource       : HikariPool-4 - Shutdown initiated...
2025-08-08T13:43:16.519+05:30  INFO 10672 --- [QuizApplication_monorepo] [Thread-15] com.zaxxer.hikari.HikariDataSource       : HikariPool-4 - Shutdown completed.
2025-08-08T13:43:16.629+05:30  INFO 10672 --- [QuizApplication_monorepo] [restartedMain] c.s.e.QuizApplicationMonorepoApplication : Starting QuizApplicationMonorepoApplication using Java 21.0.7 with PID 10672 (C:\Users\india\Documents\workspace-spring-tools-for-eclipse-4.31.0.RELEASE\Wipro-QuizApplication-Monorepo-main\target\classes started by india in C:\Users\india\Documents\workspace-spring-tools-for-eclipse-4.31.0.RELEASE\Wipro-QuizApplication-Monorepo-main)
2025-08-08T13:43:16.629+05:30  INFO 10672 --- [QuizApplication_monorepo] [restartedMain] c.s.e.QuizApplicationMonorepoApplication : No active profile set, falling back to 1 default profile: "default"
2025-08-08T13:43:16.903+05:30  INFO 10672 --- [QuizApplication_monorepo] [restartedMain] .s.d.r.c.RepositoryConfigurationDelegate : Bootstrapping Spring Data JPA repositories in DEFAULT mode.
2025-08-08T13:43:16.924+05:30  INFO 10672 --- [QuizApplication_monorepo] [restartedMain] .s.d.r.c.RepositoryConfigurationDelegate : Finished Spring Data repository scanning in 19 ms. Found 2 JPA repository interfaces.
2025-08-08T13:43:17.039+05:30  INFO 10672 --- [QuizApplication_monorepo] [restartedMain] o.s.b.w.embedded.tomcat.TomcatWebServer  : Tomcat initialized with port 8080 (http)
2025-08-08T13:43:17.040+05:30  INFO 10672 --- [QuizApplication_monorepo] [restartedMain] o.apache.catalina.core.StandardService   : Starting service [Tomcat]
2025-08-08T13:43:17.040+05:30  INFO 10672 --- [QuizApplication_monorepo] [restartedMain] o.apache.catalina.core.StandardEngine    : Starting Servlet engine: [Apache Tomcat/10.1.30]
2025-08-08T13:43:17.076+05:30  INFO 10672 --- [QuizApplication_monorepo] [restartedMain] o.a.c.c.C.[Tomcat].[localhost].[/]       : Initializing Spring embedded WebApplicationContext
2025-08-08T13:43:17.077+05:30  INFO 10672 --- [QuizApplication_monorepo] [restartedMain] w.s.c.ServletWebServerApplicationContext : Root WebApplicationContext: initialization completed in 444 ms
2025-08-08T13:43:17.147+05:30  INFO 10672 --- [QuizApplication_monorepo] [restartedMain] o.hibernate.jpa.internal.util.LogHelper  : HHH000204: Processing PersistenceUnitInfo [name: default]
2025-08-08T13:43:17.155+05:30  INFO 10672 --- [QuizApplication_monorepo] [restartedMain] o.h.c.internal.RegionFactoryInitiator    : HHH000026: Second-level cache disabled
2025-08-08T13:43:17.175+05:30  INFO 10672 --- [QuizApplication_monorepo] [restartedMain] o.s.o.j.p.SpringPersistenceUnitInfo      : No LoadTimeWeaver setup: ignoring JPA class transformer
2025-08-08T13:43:17.177+05:30  INFO 10672 --- [QuizApplication_monorepo] [restartedMain] com.zaxxer.hikari.HikariDataSource       : HikariPool-5 - Starting...
2025-08-08T13:43:17.452+05:30  INFO 10672 --- [QuizApplication_monorepo] [restartedMain] com.zaxxer.hikari.pool.HikariPool        : HikariPool-5 - Added connection com.mysql.cj.jdbc.ConnectionImpl@680b359f
2025-08-08T13:43:17.453+05:30  INFO 10672 --- [QuizApplication_monorepo] [restartedMain] com.zaxxer.hikari.HikariDataSource       : HikariPool-5 - Start completed.
2025-08-08T13:43:17.458+05:30  WARN 10672 --- [QuizApplication_monorepo] [restartedMain] org.hibernate.orm.deprecation            : HHH90000025: MySQLDialect does not need to be specified explicitly using 'hibernate.dialect' (remove the property setting and it will be selected by default)
2025-08-08T13:43:17.545+05:30  INFO 10672 --- [QuizApplication_monorepo] [restartedMain] o.h.e.t.j.p.i.JtaPlatformInitiator       : HHH000489: No JTA platform available (set 'hibernate.transaction.jta.platform' to enable JTA platform integration)
2025-08-08T13:43:17.688+05:30  INFO 10672 --- [QuizApplication_monorepo] [restartedMain] j.LocalContainerEntityManagerFactoryBean : Initialized JPA EntityManagerFactory for persistence unit 'default'
2025-08-08T13:43:17.786+05:30  WARN 10672 --- [QuizApplication_monorepo] [restartedMain] JpaBaseConfiguration$JpaWebConfiguration : spring.jpa.open-in-view is enabled by default. Therefore, database queries may be performed during view rendering. Explicitly configure spring.jpa.open-in-view to disable this warning
2025-08-08T13:43:17.936+05:30  INFO 10672 --- [QuizApplication_monorepo] [restartedMain] o.s.b.d.a.OptionalLiveReloadServer       : LiveReload server is running on port 35729
2025-08-08T13:43:20.423+05:30  INFO 10672 --- [QuizApplication_monorepo] [restartedMain] o.s.b.w.embedded.tomcat.TomcatWebServer  : Tomcat started on port 8080 (http) with context path '/'
2025-08-08T13:43:20.431+05:30  INFO 10672 --- [QuizApplication_monorepo] [restartedMain] c.s.e.QuizApplicationMonorepoApplication : Started QuizApplicationMonorepoApplication in 3.838 seconds (process running for 278.577)
2025-08-08T13:43:20.434+05:30  INFO 10672 --- [QuizApplication_monorepo] [restartedMain] .ConditionEvaluationDeltaLoggingListener : Condition evaluation unchanged
2025-08-08T13:43:39.620+05:30  INFO 10672 --- [QuizApplication_monorepo] [File Watcher] rtingClassPathChangeChangedEventListener : Restarting due to 1 class path change (0 additions, 0 deletions, 1 modification)
2025-08-08T13:43:39.629+05:30  INFO 10672 --- [QuizApplication_monorepo] [Thread-19] j.LocalContainerEntityManagerFactoryBean : Closing JPA EntityManagerFactory for persistence unit 'default'
2025-08-08T13:43:39.630+05:30  INFO 10672 --- [QuizApplication_monorepo] [Thread-19] com.zaxxer.hikari.HikariDataSource       : HikariPool-5 - Shutdown initiated...
2025-08-08T13:43:39.661+05:30  INFO 10672 --- [QuizApplication_monorepo] [Thread-19] com.zaxxer.hikari.HikariDataSource       : HikariPool-5 - Shutdown completed.
2025-08-08T13:43:39.762+05:30  INFO 10672 --- [QuizApplication_monorepo] [restartedMain] c.s.e.QuizApplicationMonorepoApplication : Starting QuizApplicationMonorepoApplication using Java 21.0.7 with PID 10672 (C:\Users\india\Documents\workspace-spring-tools-for-eclipse-4.31.0.RELEASE\Wipro-QuizApplication-Monorepo-main\target\classes started by india in C:\Users\india\Documents\workspace-spring-tools-for-eclipse-4.31.0.RELEASE\Wipro-QuizApplication-Monorepo-main)
2025-08-08T13:43:39.763+05:30  INFO 10672 --- [QuizApplication_monorepo] [restartedMain] c.s.e.QuizApplicationMonorepoApplication : No active profile set, falling back to 1 default profile: "default"
2025-08-08T13:43:40.048+05:30  INFO 10672 --- [QuizApplication_monorepo] [restartedMain] .s.d.r.c.RepositoryConfigurationDelegate : Bootstrapping Spring Data JPA repositories in DEFAULT mode.
2025-08-08T13:43:40.086+05:30  INFO 10672 --- [QuizApplication_monorepo] [restartedMain] .s.d.r.c.RepositoryConfigurationDelegate : Finished Spring Data repository scanning in 37 ms. Found 2 JPA repository interfaces.
2025-08-08T13:43:40.211+05:30  INFO 10672 --- [QuizApplication_monorepo] [restartedMain] o.s.b.w.embedded.tomcat.TomcatWebServer  : Tomcat initialized with port 8080 (http)
2025-08-08T13:43:40.212+05:30  INFO 10672 --- [QuizApplication_monorepo] [restartedMain] o.apache.catalina.core.StandardService   : Starting service [Tomcat]
2025-08-08T13:43:40.212+05:30  INFO 10672 --- [QuizApplication_monorepo] [restartedMain] o.apache.catalina.core.StandardEngine    : Starting Servlet engine: [Apache Tomcat/10.1.30]
2025-08-08T13:43:40.248+05:30  INFO 10672 --- [QuizApplication_monorepo] [restartedMain] o.a.c.c.C.[Tomcat].[localhost].[/]       : Initializing Spring embedded WebApplicationContext
2025-08-08T13:43:40.249+05:30  INFO 10672 --- [QuizApplication_monorepo] [restartedMain] w.s.c.ServletWebServerApplicationContext : Root WebApplicationContext: initialization completed in 482 ms
2025-08-08T13:43:40.318+05:30  INFO 10672 --- [QuizApplication_monorepo] [restartedMain] o.hibernate.jpa.internal.util.LogHelper  : HHH000204: Processing PersistenceUnitInfo [name: default]
2025-08-08T13:43:40.323+05:30  INFO 10672 --- [QuizApplication_monorepo] [restartedMain] o.h.c.internal.RegionFactoryInitiator    : HHH000026: Second-level cache disabled
2025-08-08T13:43:40.339+05:30  INFO 10672 --- [QuizApplication_monorepo] [restartedMain] o.s.o.j.p.SpringPersistenceUnitInfo      : No LoadTimeWeaver setup: ignoring JPA class transformer
2025-08-08T13:43:40.341+05:30  INFO 10672 --- [QuizApplication_monorepo] [restartedMain] com.zaxxer.hikari.HikariDataSource       : HikariPool-6 - Starting...
2025-08-08T13:43:40.378+05:30  INFO 10672 --- [QuizApplication_monorepo] [restartedMain] com.zaxxer.hikari.pool.HikariPool        : HikariPool-6 - Added connection com.mysql.cj.jdbc.ConnectionImpl@47b2436b
2025-08-08T13:43:40.378+05:30  INFO 10672 --- [QuizApplication_monorepo] [restartedMain] com.zaxxer.hikari.HikariDataSource       : HikariPool-6 - Start completed.
2025-08-08T13:43:40.382+05:30  WARN 10672 --- [QuizApplication_monorepo] [restartedMain] org.hibernate.orm.deprecation            : HHH90000025: MySQLDialect does not need to be specified explicitly using 'hibernate.dialect' (remove the property setting and it will be selected by default)
2025-08-08T13:43:40.489+05:30  INFO 10672 --- [QuizApplication_monorepo] [restartedMain] o.h.e.t.j.p.i.JtaPlatformInitiator       : HHH000489: No JTA platform available (set 'hibernate.transaction.jta.platform' to enable JTA platform integration)
2025-08-08T13:43:40.568+05:30  INFO 10672 --- [QuizApplication_monorepo] [restartedMain] j.LocalContainerEntityManagerFactoryBean : Initialized JPA EntityManagerFactory for persistence unit 'default'
2025-08-08T13:43:40.653+05:30  WARN 10672 --- [QuizApplication_monorepo] [restartedMain] JpaBaseConfiguration$JpaWebConfiguration : spring.jpa.open-in-view is enabled by default. Therefore, database queries may be performed during view rendering. Explicitly configure spring.jpa.open-in-view to disable this warning
2025-08-08T13:43:40.785+05:30  INFO 10672 --- [QuizApplication_monorepo] [restartedMain] o.s.b.d.a.OptionalLiveReloadServer       : LiveReload server is running on port 35729
2025-08-08T13:43:40.803+05:30  INFO 10672 --- [QuizApplication_monorepo] [restartedMain] o.s.b.w.embedded.tomcat.TomcatWebServer  : Tomcat started on port 8080 (http) with context path '/'
2025-08-08T13:43:40.809+05:30  INFO 10672 --- [QuizApplication_monorepo] [restartedMain] c.s.e.QuizApplicationMonorepoApplication : Started QuizApplicationMonorepoApplication in 1.089 seconds (process running for 298.954)
2025-08-08T13:43:40.813+05:30  INFO 10672 --- [QuizApplication_monorepo] [restartedMain] .ConditionEvaluationDeltaLoggingListener : Condition evaluation unchanged
2025-08-08T13:43:43.340+05:30  INFO 10672 --- [QuizApplication_monorepo] [File Watcher] rtingClassPathChangeChangedEventListener : Restarting due to 1 class path change (0 additions, 0 deletions, 1 modification)
2025-08-08T13:43:43.349+05:30  INFO 10672 --- [QuizApplication_monorepo] [Thread-23] j.LocalContainerEntityManagerFactoryBean : Closing JPA EntityManagerFactory for persistence unit 'default'
2025-08-08T13:43:43.350+05:30  INFO 10672 --- [QuizApplication_monorepo] [Thread-23] com.zaxxer.hikari.HikariDataSource       : HikariPool-6 - Shutdown initiated...
2025-08-08T13:43:43.357+05:30  INFO 10672 --- [QuizApplication_monorepo] [Thread-23] com.zaxxer.hikari.HikariDataSource       : HikariPool-6 - Shutdown completed.
2025-08-08T13:43:43.451+05:30  INFO 10672 --- [QuizApplication_monorepo] [restartedMain] c.s.e.QuizApplicationMonorepoApplication : Starting QuizApplicationMonorepoApplication using Java 21.0.7 with PID 10672 (C:\Users\india\Documents\workspace-spring-tools-for-eclipse-4.31.0.RELEASE\Wipro-QuizApplication-Monorepo-main\target\classes started by india in C:\Users\india\Documents\workspace-spring-tools-for-eclipse-4.31.0.RELEASE\Wipro-QuizApplication-Monorepo-main)
2025-08-08T13:43:43.452+05:30  INFO 10672 --- [QuizApplication_monorepo] [restartedMain] c.s.e.QuizApplicationMonorepoApplication : No active profile set, falling back to 1 default profile: "default"
2025-08-08T13:43:43.715+05:30  INFO 10672 --- [QuizApplication_monorepo] [restartedMain] .s.d.r.c.RepositoryConfigurationDelegate : Bootstrapping Spring Data JPA repositories in DEFAULT mode.
2025-08-08T13:43:43.788+05:30  INFO 10672 --- [QuizApplication_monorepo] [restartedMain] .s.d.r.c.RepositoryConfigurationDelegate : Finished Spring Data repository scanning in 69 ms. Found 2 JPA repository interfaces.
2025-08-08T13:43:44.060+05:30  INFO 10672 --- [QuizApplication_monorepo] [restartedMain] o.s.b.w.embedded.tomcat.TomcatWebServer  : Tomcat initialized with port 8080 (http)
2025-08-08T13:43:44.077+05:30  INFO 10672 --- [QuizApplication_monorepo] [restartedMain] o.apache.catalina.core.StandardService   : Starting service [Tomcat]
2025-08-08T13:43:44.080+05:30  INFO 10672 --- [QuizApplication_monorepo] [restartedMain] o.apache.catalina.core.StandardEngine    : Starting Servlet engine: [Apache Tomcat/10.1.30]
2025-08-08T13:43:44.176+05:30  INFO 10672 --- [QuizApplication_monorepo] [restartedMain] o.a.c.c.C.[Tomcat].[localhost].[/]       : Initializing Spring embedded WebApplicationContext
2025-08-08T13:43:44.176+05:30  INFO 10672 --- [QuizApplication_monorepo] [restartedMain] w.s.c.ServletWebServerApplicationContext : Root WebApplicationContext: initialization completed in 721 ms
2025-08-08T13:43:44.565+05:30  INFO 10672 --- [QuizApplication_monorepo] [restartedMain] o.hibernate.jpa.internal.util.LogHelper  : HHH000204: Processing PersistenceUnitInfo [name: default]
2025-08-08T13:43:44.571+05:30  INFO 10672 --- [QuizApplication_monorepo] [restartedMain] o.h.c.internal.RegionFactoryInitiator    : HHH000026: Second-level cache disabled
2025-08-08T13:43:44.586+05:30  INFO 10672 --- [QuizApplication_monorepo] [restartedMain] o.s.o.j.p.SpringPersistenceUnitInfo      : No LoadTimeWeaver setup: ignoring JPA class transformer
2025-08-08T13:43:44.589+05:30  INFO 10672 --- [QuizApplication_monorepo] [restartedMain] com.zaxxer.hikari.HikariDataSource       : HikariPool-7 - Starting...
2025-08-08T13:43:44.610+05:30  INFO 10672 --- [QuizApplication_monorepo] [restartedMain] com.zaxxer.hikari.pool.HikariPool        : HikariPool-7 - Added connection com.mysql.cj.jdbc.ConnectionImpl@72bc6efe
2025-08-08T13:43:44.611+05:30  INFO 10672 --- [QuizApplication_monorepo] [restartedMain] com.zaxxer.hikari.HikariDataSource       : HikariPool-7 - Start completed.
2025-08-08T13:43:44.613+05:30  WARN 10672 --- [QuizApplication_monorepo] [restartedMain] org.hibernate.orm.deprecation            : HHH90000025: MySQLDialect does not need to be specified explicitly using 'hibernate.dialect' (remove the property setting and it will be selected by default)
2025-08-08T13:43:44.729+05:30  INFO 10672 --- [QuizApplication_monorepo] [restartedMain] o.h.e.t.j.p.i.JtaPlatformInitiator       : HHH000489: No JTA platform available (set 'hibernate.transaction.jta.platform' to enable JTA platform integration)
2025-08-08T13:43:44.764+05:30  INFO 10672 --- [QuizApplication_monorepo] [restartedMain] j.LocalContainerEntityManagerFactoryBean : Initialized JPA EntityManagerFactory for persistence unit 'default'
2025-08-08T13:43:44.884+05:30  WARN 10672 --- [QuizApplication_monorepo] [restartedMain] JpaBaseConfiguration$JpaWebConfiguration : spring.jpa.open-in-view is enabled by default. Therefore, database queries may be performed during view rendering. Explicitly configure spring.jpa.open-in-view to disable this warning
2025-08-08T13:43:45.065+05:30  INFO 10672 --- [QuizApplication_monorepo] [restartedMain] o.s.b.d.a.OptionalLiveReloadServer       : LiveReload server is running on port 35729
2025-08-08T13:43:45.087+05:30  INFO 10672 --- [QuizApplication_monorepo] [restartedMain] o.s.b.w.embedded.tomcat.TomcatWebServer  : Tomcat started on port 8080 (http) with context path '/'
2025-08-08T13:43:45.091+05:30  INFO 10672 --- [QuizApplication_monorepo] [restartedMain] c.s.e.QuizApplicationMonorepoApplication : Started QuizApplicationMonorepoApplication in 1.676 seconds (process running for 303.236)
2025-08-08T13:43:45.094+05:30  INFO 10672 --- [QuizApplication_monorepo] [restartedMain] .ConditionEvaluationDeltaLoggingListener : Condition evaluation unchanged
2025-08-08T13:44:21.566+05:30  INFO 10672 --- [QuizApplication_monorepo] [File Watcher] rtingClassPathChangeChangedEventListener : Restarting due to 1 class path change (0 additions, 0 deletions, 1 modification)
2025-08-08T13:44:21.578+05:30  INFO 10672 --- [QuizApplication_monorepo] [Thread-27] j.LocalContainerEntityManagerFactoryBean : Closing JPA EntityManagerFactory for persistence unit 'default'
2025-08-08T13:44:21.580+05:30  INFO 10672 --- [QuizApplication_monorepo] [Thread-27] com.zaxxer.hikari.HikariDataSource       : HikariPool-7 - Shutdown initiated...
2025-08-08T13:44:21.586+05:30  INFO 10672 --- [QuizApplication_monorepo] [Thread-27] com.zaxxer.hikari.HikariDataSource       : HikariPool-7 - Shutdown completed.
2025-08-08T13:44:21.690+05:30  INFO 10672 --- [QuizApplication_monorepo] [restartedMain] c.s.e.QuizApplicationMonorepoApplication : Starting QuizApplicationMonorepoApplication using Java 21.0.7 with PID 10672 (C:\Users\india\Documents\workspace-spring-tools-for-eclipse-4.31.0.RELEASE\Wipro-QuizApplication-Monorepo-main\target\classes started by india in C:\Users\india\Documents\workspace-spring-tools-for-eclipse-4.31.0.RELEASE\Wipro-QuizApplication-Monorepo-main)
2025-08-08T13:44:21.690+05:30  INFO 10672 --- [QuizApplication_monorepo] [restartedMain] c.s.e.QuizApplicationMonorepoApplication : No active profile set, falling back to 1 default profile: "default"
2025-08-08T13:44:21.947+05:30  INFO 10672 --- [QuizApplication_monorepo] [restartedMain] .s.d.r.c.RepositoryConfigurationDelegate : Bootstrapping Spring Data JPA repositories in DEFAULT mode.
2025-08-08T13:44:21.966+05:30  INFO 10672 --- [QuizApplication_monorepo] [restartedMain] .s.d.r.c.RepositoryConfigurationDelegate : Finished Spring Data repository scanning in 17 ms. Found 2 JPA repository interfaces.
2025-08-08T13:44:22.099+05:30  INFO 10672 --- [QuizApplication_monorepo] [restartedMain] o.s.b.w.embedded.tomcat.TomcatWebServer  : Tomcat initialized with port 8080 (http)
2025-08-08T13:44:22.101+05:30  INFO 10672 --- [QuizApplication_monorepo] [restartedMain] o.apache.catalina.core.StandardService   : Starting service [Tomcat]
2025-08-08T13:44:22.101+05:30  INFO 10672 --- [QuizApplication_monorepo] [restartedMain] o.apache.catalina.core.StandardEngine    : Starting Servlet engine: [Apache Tomcat/10.1.30]
2025-08-08T13:44:22.138+05:30  INFO 10672 --- [QuizApplication_monorepo] [restartedMain] o.a.c.c.C.[Tomcat].[localhost].[/]       : Initializing Spring embedded WebApplicationContext
2025-08-08T13:44:22.138+05:30  INFO 10672 --- [QuizApplication_monorepo] [restartedMain] w.s.c.ServletWebServerApplicationContext : Root WebApplicationContext: initialization completed in 445 ms
2025-08-08T13:44:22.209+05:30  INFO 10672 --- [QuizApplication_monorepo] [restartedMain] o.hibernate.jpa.internal.util.LogHelper  : HHH000204: Processing PersistenceUnitInfo [name: default]
2025-08-08T13:44:22.214+05:30  INFO 10672 --- [QuizApplication_monorepo] [restartedMain] o.h.c.internal.RegionFactoryInitiator    : HHH000026: Second-level cache disabled
2025-08-08T13:44:22.233+05:30  INFO 10672 --- [QuizApplication_monorepo] [restartedMain] o.s.o.j.p.SpringPersistenceUnitInfo      : No LoadTimeWeaver setup: ignoring JPA class transformer
2025-08-08T13:44:22.237+05:30  INFO 10672 --- [QuizApplication_monorepo] [restartedMain] com.zaxxer.hikari.HikariDataSource       : HikariPool-8 - Starting...
2025-08-08T13:44:22.252+05:30  INFO 10672 --- [QuizApplication_monorepo] [restartedMain] com.zaxxer.hikari.pool.HikariPool        : HikariPool-8 - Added connection com.mysql.cj.jdbc.ConnectionImpl@73731a26
2025-08-08T13:44:22.253+05:30  INFO 10672 --- [QuizApplication_monorepo] [restartedMain] com.zaxxer.hikari.HikariDataSource       : HikariPool-8 - Start completed.
2025-08-08T13:44:22.255+05:30  WARN 10672 --- [QuizApplication_monorepo] [restartedMain] org.hibernate.orm.deprecation            : HHH90000025: MySQLDialect does not need to be specified explicitly using 'hibernate.dialect' (remove the property setting and it will be selected by default)
2025-08-08T13:44:22.325+05:30  INFO 10672 --- [QuizApplication_monorepo] [restartedMain] o.h.e.t.j.p.i.JtaPlatformInitiator       : HHH000489: No JTA platform available (set 'hibernate.transaction.jta.platform' to enable JTA platform integration)
2025-08-08T13:44:22.350+05:30  INFO 10672 --- [QuizApplication_monorepo] [restartedMain] j.LocalContainerEntityManagerFactoryBean : Initialized JPA EntityManagerFactory for persistence unit 'default'
2025-08-08T13:44:22.450+05:30  WARN 10672 --- [QuizApplication_monorepo] [restartedMain] JpaBaseConfiguration$JpaWebConfiguration : spring.jpa.open-in-view is enabled by default. Therefore, database queries may be performed during view rendering. Explicitly configure spring.jpa.open-in-view to disable this warning
2025-08-08T13:44:22.599+05:30  INFO 10672 --- [QuizApplication_monorepo] [restartedMain] o.s.b.d.a.OptionalLiveReloadServer       : LiveReload server is running on port 35729
2025-08-08T13:44:22.619+05:30  INFO 10672 --- [QuizApplication_monorepo] [restartedMain] o.s.b.w.embedded.tomcat.TomcatWebServer  : Tomcat started on port 8080 (http) with context path '/'
2025-08-08T13:44:22.623+05:30  INFO 10672 --- [QuizApplication_monorepo] [restartedMain] c.s.e.QuizApplicationMonorepoApplication : Started QuizApplicationMonorepoApplication in 0.969 seconds (process running for 340.768)
2025-08-08T13:44:22.624+05:30  INFO 10672 --- [QuizApplication_monorepo] [restartedMain] .ConditionEvaluationDeltaLoggingListener : Condition evaluation unchanged
2025-08-08T13:44:29.144+05:30  INFO 10672 --- [QuizApplication_monorepo] [File Watcher] rtingClassPathChangeChangedEventListener : Restarting due to 1 class path change (0 additions, 0 deletions, 1 modification)
2025-08-08T13:44:29.167+05:30  INFO 10672 --- [QuizApplication_monorepo] [Thread-31] j.LocalContainerEntityManagerFactoryBean : Closing JPA EntityManagerFactory for persistence unit 'default'
2025-08-08T13:44:29.169+05:30  INFO 10672 --- [QuizApplication_monorepo] [Thread-31] com.zaxxer.hikari.HikariDataSource       : HikariPool-8 - Shutdown initiated...
2025-08-08T13:44:29.187+05:30  INFO 10672 --- [QuizApplication_monorepo] [Thread-31] com.zaxxer.hikari.HikariDataSource       : HikariPool-8 - Shutdown completed.
